{"/Users/guixvieira/Desktop/XPSimulation/molotov/models/users.js":{"path":"/Users/guixvieira/Desktop/XPSimulation/molotov/models/users.js","s":{"1":1,"2":1,"3":1,"4":1,"5":1,"6":1,"7":1,"8":1,"9":1},"b":{},"f":{"1":1,"2":1},"fnMap":{"1":{"name":"hashPassword","line":12,"loc":{"start":{"line":12,"column":30},"end":{"line":12,"column":61}}},"2":{"name":"isValid","line":16,"loc":{"start":{"line":16,"column":25},"end":{"line":16,"column":57}}}},"statementMap":{"1":{"start":{"line":1,"column":0},"end":{"line":1,"column":35}},"2":{"start":{"line":2,"column":0},"end":{"line":2,"column":29}},"3":{"start":{"line":3,"column":0},"end":{"line":3,"column":31}},"4":{"start":{"line":5,"column":0},"end":{"line":10,"column":3}},"5":{"start":{"line":12,"column":0},"end":{"line":14,"column":1}},"6":{"start":{"line":13,"column":4},"end":{"line":13,"column":41}},"7":{"start":{"line":16,"column":0},"end":{"line":18,"column":1}},"8":{"start":{"line":17,"column":4},"end":{"line":17,"column":61}},"9":{"start":{"line":21,"column":0},"end":{"line":21,"column":47}}},"branchMap":{}},"/Users/guixvieira/Desktop/XPSimulation/molotov/models/questions.js":{"path":"/Users/guixvieira/Desktop/XPSimulation/molotov/models/questions.js","s":{"1":1,"2":1,"3":1,"4":1,"5":1,"6":1,"7":1,"8":1,"9":0,"10":0,"11":0,"12":1,"13":0,"14":0,"15":0,"16":0,"17":0,"18":0,"19":0,"20":1,"21":2,"22":2,"23":1,"24":1,"25":1,"26":1,"27":1,"28":1,"29":1,"30":1,"31":30,"32":30,"33":0,"34":0,"35":1,"36":1,"37":1,"38":2,"39":1},"b":{"1":[0,0],"2":[0,0],"3":[1,1],"4":[1,0],"5":[0,30]},"f":{"1":1,"2":0,"3":0,"4":2,"5":2},"fnMap":{"1":{"name":"splitTags","line":12,"loc":{"start":{"line":12,"column":27},"end":{"line":12,"column":51}}},"2":{"name":"filterTags","line":18,"loc":{"start":{"line":18,"column":28},"end":{"line":18,"column":53}}},"3":{"name":"getAllQuestions","line":24,"loc":{"start":{"line":24,"column":33},"end":{"line":24,"column":67}}},"4":{"name":"filterTags","line":40,"loc":{"start":{"line":40,"column":30},"end":{"line":40,"column":76}}},"5":{"name":"addTag","line":65,"loc":{"start":{"line":65,"column":26},"end":{"line":65,"column":47}}}},"statementMap":{"1":{"start":{"line":1,"column":0},"end":{"line":1,"column":35}},"2":{"start":{"line":2,"column":0},"end":{"line":2,"column":29}},"3":{"start":{"line":4,"column":0},"end":{"line":10,"column":3}},"4":{"start":{"line":12,"column":0},"end":{"line":16,"column":1}},"5":{"start":{"line":13,"column":4},"end":{"line":13,"column":39}},"6":{"start":{"line":14,"column":4},"end":{"line":14,"column":34}},"7":{"start":{"line":15,"column":4},"end":{"line":15,"column":19}},"8":{"start":{"line":18,"column":0},"end":{"line":22,"column":1}},"9":{"start":{"line":19,"column":4},"end":{"line":19,"column":39}},"10":{"start":{"line":20,"column":4},"end":{"line":20,"column":34}},"11":{"start":{"line":21,"column":4},"end":{"line":21,"column":19}},"12":{"start":{"line":24,"column":0},"end":{"line":38,"column":3}},"13":{"start":{"line":25,"column":4},"end":{"line":37,"column":6}},"14":{"start":{"line":27,"column":8},"end":{"line":30,"column":9}},"15":{"start":{"line":28,"column":10},"end":{"line":28,"column":38}},"16":{"start":{"line":29,"column":10},"end":{"line":29,"column":27}},"17":{"start":{"line":33,"column":6},"end":{"line":36,"column":7}},"18":{"start":{"line":34,"column":8},"end":{"line":34,"column":40}},"19":{"start":{"line":35,"column":8},"end":{"line":35,"column":42}},"20":{"start":{"line":40,"column":2},"end":{"line":63,"column":3}},"21":{"start":{"line":41,"column":6},"end":{"line":41,"column":42}},"22":{"start":{"line":42,"column":6},"end":{"line":44,"column":7}},"23":{"start":{"line":43,"column":8},"end":{"line":43,"column":29}},"24":{"start":{"line":45,"column":6},"end":{"line":45,"column":19}},"25":{"start":{"line":46,"column":6},"end":{"line":46,"column":12}},"26":{"start":{"line":47,"column":6},"end":{"line":47,"column":12}},"27":{"start":{"line":48,"column":6},"end":{"line":48,"column":12}},"28":{"start":{"line":49,"column":6},"end":{"line":61,"column":5}},"29":{"start":{"line":50,"column":8},"end":{"line":59,"column":9}},"30":{"start":{"line":51,"column":10},"end":{"line":58,"column":11}},"31":{"start":{"line":52,"column":14},"end":{"line":57,"column":15}},"32":{"start":{"line":53,"column":18},"end":{"line":56,"column":19}},"33":{"start":{"line":54,"column":20},"end":{"line":54,"column":47}},"34":{"start":{"line":55,"column":20},"end":{"line":55,"column":26}},"35":{"start":{"line":60,"column":6},"end":{"line":60,"column":26}},"36":{"start":{"line":62,"column":4},"end":{"line":62,"column":25}},"37":{"start":{"line":65,"column":2},"end":{"line":67,"column":3}},"38":{"start":{"line":66,"column":4},"end":{"line":66,"column":24}},"39":{"start":{"line":69,"column":0},"end":{"line":69,"column":51}}},"branchMap":{"1":{"line":27,"type":"if","locations":[{"start":{"line":27,"column":8},"end":{"line":27,"column":8}},{"start":{"line":27,"column":8},"end":{"line":27,"column":8}}]},"2":{"line":33,"type":"if","locations":[{"start":{"line":33,"column":6},"end":{"line":33,"column":6}},{"start":{"line":33,"column":6},"end":{"line":33,"column":6}}]},"3":{"line":42,"type":"if","locations":[{"start":{"line":42,"column":6},"end":{"line":42,"column":6}},{"start":{"line":42,"column":6},"end":{"line":42,"column":6}}]},"4":{"line":50,"type":"if","locations":[{"start":{"line":50,"column":8},"end":{"line":50,"column":8}},{"start":{"line":50,"column":8},"end":{"line":50,"column":8}}]},"5":{"line":53,"type":"if","locations":[{"start":{"line":53,"column":18},"end":{"line":53,"column":18}},{"start":{"line":53,"column":18},"end":{"line":53,"column":18}}]}}},"/Users/guixvieira/Desktop/XPSimulation/molotov/models/answers.js":{"path":"/Users/guixvieira/Desktop/XPSimulation/molotov/models/answers.js","s":{"1":1,"2":1,"3":1,"4":1},"b":{},"f":{},"fnMap":{},"statementMap":{"1":{"start":{"line":1,"column":0},"end":{"line":1,"column":35}},"2":{"start":{"line":2,"column":0},"end":{"line":2,"column":29}},"3":{"start":{"line":4,"column":0},"end":{"line":9,"column":3}},"4":{"start":{"line":11,"column":0},"end":{"line":11,"column":49}}},"branchMap":{}}}