{"/Users/guixvieira/Desktop/XPSimulation/molotov/models/users.js":{"path":"/Users/guixvieira/Desktop/XPSimulation/molotov/models/users.js","s":{"1":1,"2":1,"3":1,"4":1,"5":1,"6":1,"7":1,"8":1,"9":1},"b":{},"f":{"1":1,"2":1},"fnMap":{"1":{"name":"hashPassword","line":12,"loc":{"start":{"line":12,"column":30},"end":{"line":12,"column":61}}},"2":{"name":"isValid","line":16,"loc":{"start":{"line":16,"column":25},"end":{"line":16,"column":57}}}},"statementMap":{"1":{"start":{"line":1,"column":0},"end":{"line":1,"column":35}},"2":{"start":{"line":2,"column":0},"end":{"line":2,"column":29}},"3":{"start":{"line":3,"column":0},"end":{"line":3,"column":31}},"4":{"start":{"line":5,"column":0},"end":{"line":10,"column":3}},"5":{"start":{"line":12,"column":0},"end":{"line":14,"column":1}},"6":{"start":{"line":13,"column":4},"end":{"line":13,"column":41}},"7":{"start":{"line":16,"column":0},"end":{"line":18,"column":1}},"8":{"start":{"line":17,"column":4},"end":{"line":17,"column":61}},"9":{"start":{"line":21,"column":0},"end":{"line":21,"column":47}}},"branchMap":{}},"/Users/guixvieira/Desktop/XPSimulation/molotov/models/questions.js":{"path":"/Users/guixvieira/Desktop/XPSimulation/molotov/models/questions.js","s":{"1":1,"2":1,"3":1,"4":1},"b":{},"f":{},"fnMap":{},"statementMap":{"1":{"start":{"line":1,"column":0},"end":{"line":1,"column":35}},"2":{"start":{"line":2,"column":0},"end":{"line":2,"column":29}},"3":{"start":{"line":4,"column":0},"end":{"line":9,"column":3}},"4":{"start":{"line":11,"column":0},"end":{"line":11,"column":51}}},"branchMap":{}},"/Users/guixvieira/Desktop/XPSimulation/molotov/models/answers.js":{"path":"/Users/guixvieira/Desktop/XPSimulation/molotov/models/answers.js","s":{"1":1,"2":1,"3":1,"4":1},"b":{},"f":{},"fnMap":{},"statementMap":{"1":{"start":{"line":1,"column":0},"end":{"line":1,"column":35}},"2":{"start":{"line":2,"column":0},"end":{"line":2,"column":29}},"3":{"start":{"line":4,"column":0},"end":{"line":9,"column":3}},"4":{"start":{"line":11,"column":0},"end":{"line":11,"column":49}}},"branchMap":{}}}