TN:
SF:/Users/guixvieira/Desktop/XPSimulation/molotov/models/users.js
FN:12,hashPassword
FN:16,isValid
FNF:2
FNH:2
FNDA:1,hashPassword
FNDA:1,isValid
DA:1,1
DA:2,1
DA:3,1
DA:5,1
DA:12,1
DA:13,1
DA:16,1
DA:17,1
DA:21,1
LF:9
LH:9
BRF:0
BRH:0
end_of_record
TN:
SF:/Users/guixvieira/Desktop/XPSimulation/molotov/models/questions.js
FNF:0
FNH:0
DA:1,1
DA:2,1
DA:4,1
DA:11,1
LF:4
LH:4
BRF:0
BRH:0
end_of_record
TN:
SF:/Users/guixvieira/Desktop/XPSimulation/molotov/models/answers.js
FNF:0
FNH:0
DA:1,1
DA:2,1
DA:4,1
DA:11,1
LF:4
LH:4
BRF:0
BRH:0
end_of_record
