TN:
SF:/Users/guixvieira/Desktop/XPSimulation/molotov/models/users.js
FN:12,hashPassword
FN:16,isValid
FNF:2
FNH:2
FNDA:1,hashPassword
FNDA:1,isValid
DA:1,1
DA:2,1
DA:3,1
DA:5,1
DA:12,1
DA:13,1
DA:16,1
DA:17,1
DA:21,1
LF:9
LH:9
BRF:0
BRH:0
end_of_record
TN:
SF:/Users/guixvieira/Desktop/XPSimulation/molotov/models/questions.js
FN:14,splitTags
FN:20,filterTags
FN:26,getAllQuestions
FN:42,filterTags
FN:68,addTag
FNF:5
FNH:3
FNDA:1,splitTags
FNDA:0,filterTags
FNDA:0,getAllQuestions
FNDA:1,filterTags
FNDA:1,addTag
DA:1,1
DA:2,1
DA:3,1
DA:6,1
DA:14,1
DA:15,1
DA:16,1
DA:17,1
DA:20,1
DA:21,0
DA:22,0
DA:23,0
DA:26,1
DA:27,0
DA:29,0
DA:30,0
DA:31,0
DA:35,0
DA:36,0
DA:37,0
DA:42,1
DA:43,1
DA:44,0
DA:46,1
DA:47,1
DA:48,1
DA:49,1
DA:50,1
DA:51,1
DA:52,1
DA:53,1
DA:54,1
DA:55,1
DA:56,1
DA:57,1
DA:58,0
DA:59,0
DA:62,1
DA:63,1
DA:68,1
DA:69,1
DA:73,1
LF:42
LH:29
BRDA:29,1,0,0
BRDA:29,1,1,0
BRDA:35,2,0,0
BRDA:35,2,1,0
BRDA:43,3,0,0
BRDA:43,3,1,1
BRDA:57,4,0,0
BRDA:57,4,1,1
BRDA:62,5,0,1
BRDA:62,5,1,0
BRF:10
BRH:3
end_of_record
TN:
SF:/Users/guixvieira/Desktop/XPSimulation/molotov/models/answers.js
FNF:0
FNH:0
DA:1,1
DA:2,1
DA:4,1
DA:11,1
LF:4
LH:4
BRF:0
BRH:0
end_of_record
